2025-09-09 19:26:52,300 [Worker-7: Loading available Gradle versions] INFO  o.e.b.c.i.u.g.PublishedGradleVersions - Gradle version information cache is not available. Remote download required.
2025-09-09 19:28:24,419 [Worker-27: Import Getting Started Content] INFO  o.e.m.c.i.l.LifecycleMappingFactory - Using org.maven.ide.eclipse.wtp.WarLifecycleMapping lifecycle mapping for MavenProject: com.klef:Demospringbootproject:0.0.1-SNAPSHOT @ D:\Jenkins Fullstack Practice\BACKEND\Demospringbootproject\pom.xml.
2025-09-09 19:28:29,877 [Worker-27: Import Getting Started Content] INFO  o.e.m.j.i.AbstractJavaProjectConfigurator - Adding source folder /Demospringbootproject/src/main/java
2025-09-09 19:28:29,878 [Worker-27: Import Getting Started Content] INFO  o.e.m.j.i.AbstractJavaProjectConfigurator - Adding resource folder /Demospringbootproject/src/main/resources
2025-09-09 19:28:29,885 [Worker-27: Import Getting Started Content] INFO  o.e.m.j.i.AbstractJavaProjectConfigurator - Adding resource folder /Demospringbootproject/src/main/resources
2025-09-09 19:28:29,894 [Worker-27: Import Getting Started Content] INFO  o.e.m.j.i.AbstractJavaProjectConfigurator - Adding source folder /Demospringbootproject/src/test/java
2025-09-09 19:28:29,895 [Worker-27: Import Getting Started Content] INFO  o.e.m.j.i.AbstractJavaProjectConfigurator - Adding resource folder /Demospringbootproject/src/test/resources
2025-09-09 19:28:34,909 [Worker-27: Import Getting Started Content] INFO  o.e.m.c.i.p.ProjectConfigurationManager - Imported and configured 1 project(s) in 14 sec
2025-09-09 19:28:34,915 [Worker-27: Import Getting Started Content] INFO  o.e.m.c.i.p.ProjectConfigurationManager - Update started
2025-09-09 19:28:35,272 [Worker-27: Import Getting Started Content] INFO  o.e.m.c.i.l.LifecycleMappingFactory - Using org.maven.ide.eclipse.wtp.WarLifecycleMapping lifecycle mapping for MavenProject: com.klef:Demospringbootproject:0.0.1-SNAPSHOT @ D:\Jenkins Fullstack Practice\BACKEND\Demospringbootproject\pom.xml.
2025-09-09 19:28:35,753 [Worker-27: Import Getting Started Content] INFO  o.e.m.j.i.AbstractJavaProjectConfigurator - Adding source folder /Demospringbootproject/src/main/java
2025-09-09 19:28:35,753 [Worker-27: Import Getting Started Content] INFO  o.e.m.j.i.AbstractJavaProjectConfigurator - Adding resource folder /Demospringbootproject/src/main/resources
2025-09-09 19:28:35,753 [Worker-27: Import Getting Started Content] INFO  o.e.m.j.i.AbstractJavaProjectConfigurator - Adding resource folder /Demospringbootproject/src/main/resources
2025-09-09 19:28:35,755 [Worker-27: Import Getting Started Content] INFO  o.e.m.j.i.AbstractJavaProjectConfigurator - Adding source folder /Demospringbootproject/src/test/java
2025-09-09 19:28:35,755 [Worker-27: Import Getting Started Content] INFO  o.e.m.j.i.AbstractJavaProjectConfigurator - Adding resource folder /Demospringbootproject/src/test/resources
2025-09-09 19:28:36,949 [Worker-27: Import Getting Started Content] INFO  o.e.m.w.i.f.ResourceFilteringBuildParticipant - Cleaning filtered folder for Demospringbootproject
2025-09-09 19:28:36,964 [Worker-27: Import Getting Started Content] INFO  o.e.m.c.i.p.ProjectConfigurationManager - Update completed for 1 poms: local refresh takes 0.00 sec, refresh facades takes 0.00 sec, update config takes 0.00 sec 
2025-09-09 19:28:37,759 [Worker-2: Building] INFO  o.a.m.s.f.DefaultMavenResourcesFiltering - Copying 1 resource from src\main\resources to target\classes
2025-09-09 19:28:37,791 [Worker-2: Building] INFO  o.a.m.s.f.DefaultMavenResourcesFiltering - Copying 0 resource from src\main\resources to target\classes
2025-09-09 19:28:37,797 [Worker-2: Building] INFO  o.a.m.s.f.DefaultMavenResourcesFiltering - skip non existing resourceDirectory D:\Jenkins Fullstack Practice\BACKEND\Demospringbootproject\src\test\resources
2025-09-09 19:28:37,797 [Worker-2: Building] INFO  o.e.m.w.i.f.ResourceFilteringBuildParticipant - Changed resources require a complete clean of filtered resources of Demospringbootproject
2025-09-09 19:28:37,802 [Worker-2: Building] INFO  o.e.m.w.i.f.ResourceFilteringBuildParticipant - Executing resource filtering for Demospringbootproject
2025-09-09 19:33:31,482 [Worker-25: Building] INFO  o.a.m.s.f.DefaultMavenResourcesFiltering - Copying 1 resource from src\main\resources to target\classes
2025-09-09 19:33:31,495 [Worker-25: Building] INFO  o.a.m.s.f.DefaultMavenResourcesFiltering - Copying 0 resource from src\main\resources to target\classes
2025-09-09 19:33:31,504 [Worker-25: Building] INFO  o.a.m.s.f.DefaultMavenResourcesFiltering - skip non existing resourceDirectory D:\Jenkins Fullstack Practice\BACKEND\Demospringbootproject\src\test\resources
2025-09-09 19:34:36,419 [Worker-23: Building] INFO  o.a.m.s.f.DefaultMavenResourcesFiltering - Copying 1 resource from src\main\resources to target\classes
2025-09-09 19:34:36,430 [Worker-23: Building] INFO  o.a.m.s.f.DefaultMavenResourcesFiltering - Copying 0 resource from src\main\resources to target\classes
2025-09-09 19:34:36,437 [Worker-23: Building] INFO  o.a.m.s.f.DefaultMavenResourcesFiltering - skip non existing resourceDirectory D:\Jenkins Fullstack Practice\BACKEND\Demospringbootproject\src\test\resources
2025-09-09 19:35:31,121 [Worker-31: Building] INFO  o.a.m.s.f.DefaultMavenResourcesFiltering - Copying 1 resource from src\main\resources to target\classes
2025-09-09 19:35:31,132 [Worker-31: Building] INFO  o.a.m.s.f.DefaultMavenResourcesFiltering - Copying 0 resource from src\main\resources to target\classes
2025-09-09 19:35:31,139 [Worker-31: Building] INFO  o.a.m.s.f.DefaultMavenResourcesFiltering - skip non existing resourceDirectory D:\Jenkins Fullstack Practice\BACKEND\Demospringbootproject\src\test\resources
2025-09-09 19:36:16,937 [Worker-33: Building] INFO  o.a.m.s.f.DefaultMavenResourcesFiltering - Copying 1 resource from src\main\resources to target\classes
2025-09-09 19:36:16,952 [Worker-33: Building] INFO  o.a.m.s.f.DefaultMavenResourcesFiltering - Copying 0 resource from src\main\resources to target\classes
2025-09-09 19:36:16,961 [Worker-33: Building] INFO  o.a.m.s.f.DefaultMavenResourcesFiltering - skip non existing resourceDirectory D:\Jenkins Fullstack Practice\BACKEND\Demospringbootproject\src\test\resources
2025-09-09 19:37:54,058 [Worker-25: Launching Demospringbootproject - DemospringbootprojectApplication] INFO  o.e.m.c.i.l.LifecycleMappingFactory - Using org.maven.ide.eclipse.wtp.WarLifecycleMapping lifecycle mapping for MavenProject: com.klef:Demospringbootproject:0.0.1-SNAPSHOT @ D:\Jenkins Fullstack Practice\BACKEND\Demospringbootproject\pom.xml.
2025-09-09 19:37:54,989 [Worker-25: Launching Demospringbootproject - DemospringbootprojectApplication] INFO  o.a.m.s.f.DefaultMavenResourcesFiltering - Copying 1 resource from src\main\resources to target\classes
2025-09-09 19:37:55,028 [Worker-25: Launching Demospringbootproject - DemospringbootprojectApplication] INFO  o.a.m.s.f.DefaultMavenResourcesFiltering - Copying 0 resource from src\main\resources to target\classes
2025-09-09 19:37:55,036 [Worker-25: Launching Demospringbootproject - DemospringbootprojectApplication] INFO  o.a.m.s.f.DefaultMavenResourcesFiltering - skip non existing resourceDirectory D:\Jenkins Fullstack Practice\BACKEND\Demospringbootproject\src\test\resources
2025-09-09 19:37:55,036 [Worker-25: Launching Demospringbootproject - DemospringbootprojectApplication] INFO  o.e.m.w.i.f.ResourceFilteringBuildParticipant - Changed resources require a complete clean of filtered resources of Demospringbootproject
2025-09-09 19:37:55,037 [Worker-25: Launching Demospringbootproject - DemospringbootprojectApplication] INFO  o.e.m.w.i.f.ResourceFilteringBuildParticipant - Executing resource filtering for Demospringbootproject
2025-09-09 19:46:55,579 [Worker-35: Launching Demospringbootproject - DemospringbootprojectApplication] INFO  o.a.m.s.f.DefaultMavenResourcesFiltering - Copying 1 resource from src\main\resources to target\classes
2025-09-09 19:46:55,605 [Worker-35: Launching Demospringbootproject - DemospringbootprojectApplication] INFO  o.a.m.s.f.DefaultMavenResourcesFiltering - Copying 0 resource from src\main\resources to target\classes
2025-09-09 19:46:55,609 [Worker-35: Launching Demospringbootproject - DemospringbootprojectApplication] INFO  o.a.m.s.f.DefaultMavenResourcesFiltering - skip non existing resourceDirectory D:\Jenkins Fullstack Practice\BACKEND\Demospringbootproject\src\test\resources
2025-09-09 19:51:44,236 [Worker-33: Launching Demospringbootproject - DemospringbootprojectApplication] INFO  o.a.m.s.f.DefaultMavenResourcesFiltering - Copying 1 resource from src\main\resources to target\classes
2025-09-09 19:51:44,250 [Worker-33: Launching Demospringbootproject - DemospringbootprojectApplication] INFO  o.a.m.s.f.DefaultMavenResourcesFiltering - Copying 0 resource from src\main\resources to target\classes
2025-09-09 19:51:44,257 [Worker-33: Launching Demospringbootproject - DemospringbootprojectApplication] INFO  o.a.m.s.f.DefaultMavenResourcesFiltering - skip non existing resourceDirectory D:\Jenkins Fullstack Practice\BACKEND\Demospringbootproject\src\test\resources
2025-09-09 19:52:28,951 [Worker-32: Launching Demospringbootproject - DemospringbootprojectApplication] INFO  o.a.m.s.f.DefaultMavenResourcesFiltering - Copying 1 resource from src\main\resources to target\classes
2025-09-09 19:52:28,977 [Worker-32: Launching Demospringbootproject - DemospringbootprojectApplication] INFO  o.a.m.s.f.DefaultMavenResourcesFiltering - Copying 0 resource from src\main\resources to target\classes
2025-09-09 19:52:28,981 [Worker-32: Launching Demospringbootproject - DemospringbootprojectApplication] INFO  o.a.m.s.f.DefaultMavenResourcesFiltering - skip non existing resourceDirectory D:\Jenkins Fullstack Practice\BACKEND\Demospringbootproject\src\test\resources
2025-09-09 20:17:34,381 [Worker-34: Launching Demospringbootproject - DemospringbootprojectApplication] INFO  o.a.m.s.f.DefaultMavenResourcesFiltering - Copying 1 resource from src\main\resources to target\classes
2025-09-09 20:17:34,402 [Worker-34: Launching Demospringbootproject - DemospringbootprojectApplication] INFO  o.a.m.s.f.DefaultMavenResourcesFiltering - Copying 0 resource from src\main\resources to target\classes
2025-09-09 20:17:34,407 [Worker-34: Launching Demospringbootproject - DemospringbootprojectApplication] INFO  o.a.m.s.f.DefaultMavenResourcesFiltering - skip non existing resourceDirectory D:\Jenkins Fullstack Practice\BACKEND\Demospringbootproject\src\test\resources
2025-09-09 20:27:28,213 [Worker-34: Launching Demospringbootproject - DemospringbootprojectApplication] INFO  o.a.m.s.f.DefaultMavenResourcesFiltering - Copying 1 resource from src\main\resources to target\classes
2025-09-09 20:27:28,234 [Worker-34: Launching Demospringbootproject - DemospringbootprojectApplication] INFO  o.a.m.s.f.DefaultMavenResourcesFiltering - Copying 0 resource from src\main\resources to target\classes
2025-09-09 20:27:28,240 [Worker-34: Launching Demospringbootproject - DemospringbootprojectApplication] INFO  o.a.m.s.f.DefaultMavenResourcesFiltering - skip non existing resourceDirectory D:\Jenkins Fullstack Practice\BACKEND\Demospringbootproject\src\test\resources
2025-09-09 20:28:58,494 [Worker-35: Launching Demospringbootproject - DemospringbootprojectApplication] INFO  o.a.m.s.f.DefaultMavenResourcesFiltering - Copying 1 resource from src\main\resources to target\classes
2025-09-09 20:28:58,540 [Worker-35: Launching Demospringbootproject - DemospringbootprojectApplication] INFO  o.a.m.s.f.DefaultMavenResourcesFiltering - Copying 0 resource from src\main\resources to target\classes
2025-09-09 20:28:58,545 [Worker-35: Launching Demospringbootproject - DemospringbootprojectApplication] INFO  o.a.m.s.f.DefaultMavenResourcesFiltering - skip non existing resourceDirectory D:\Jenkins Fullstack Practice\BACKEND\Demospringbootproject\src\test\resources
2025-09-10 18:09:51,031 [Worker-1: Loading available Gradle versions] INFO  o.e.b.c.i.u.g.PublishedGradleVersions - Gradle version information cache is up-to-date. Trying to read.
2025-09-10 19:55:23,986 [Worker-31: Launching Demospringbootproject - DemospringbootprojectApplication] INFO  o.a.m.s.f.DefaultMavenResourcesFiltering - Copying 1 resource from src\main\resources to target\classes
2025-09-10 19:55:24,033 [Worker-31: Launching Demospringbootproject - DemospringbootprojectApplication] INFO  o.a.m.s.f.DefaultMavenResourcesFiltering - Copying 0 resource from src\main\resources to target\classes
2025-09-10 19:55:24,037 [Worker-31: Launching Demospringbootproject - DemospringbootprojectApplication] INFO  o.a.m.s.f.DefaultMavenResourcesFiltering - skip non existing resourceDirectory D:\Jenkins Fullstack Practice\BACKEND\Demospringbootproject\src\test\resources
2025-09-10 19:55:52,488 [Worker-36: Launching Demospringbootproject - DemospringbootprojectApplication] INFO  o.a.m.s.f.DefaultMavenResourcesFiltering - Copying 1 resource from src\main\resources to target\classes
2025-09-10 19:55:52,506 [Worker-36: Launching Demospringbootproject - DemospringbootprojectApplication] INFO  o.a.m.s.f.DefaultMavenResourcesFiltering - Copying 0 resource from src\main\resources to target\classes
2025-09-10 19:55:52,510 [Worker-36: Launching Demospringbootproject - DemospringbootprojectApplication] INFO  o.a.m.s.f.DefaultMavenResourcesFiltering - skip non existing resourceDirectory D:\Jenkins Fullstack Practice\BACKEND\Demospringbootproject\src\test\resources
2025-09-10 19:58:01,754 [Worker-29: Building] INFO  o.a.m.s.f.DefaultMavenResourcesFiltering - Copying 1 resource from src\main\resources to target\classes
2025-09-10 19:58:01,765 [Worker-29: Building] INFO  o.a.m.s.f.DefaultMavenResourcesFiltering - Copying 0 resource from src\main\resources to target\classes
2025-09-10 19:58:01,767 [Worker-29: Building] INFO  o.a.m.s.f.DefaultMavenResourcesFiltering - skip non existing resourceDirectory D:\Jenkins Fullstack Practice\BACKEND\Demospringbootproject\src\test\resources
2025-09-10 19:58:21,433 [Worker-35: Launching Demospringbootproject - DemospringbootprojectApplication] INFO  o.a.m.s.f.DefaultMavenResourcesFiltering - Copying 1 resource from src\main\resources to target\classes
2025-09-10 19:58:21,442 [Worker-35: Launching Demospringbootproject - DemospringbootprojectApplication] INFO  o.a.m.s.f.DefaultMavenResourcesFiltering - Copying 0 resource from src\main\resources to target\classes
2025-09-10 19:58:21,445 [Worker-35: Launching Demospringbootproject - DemospringbootprojectApplication] INFO  o.a.m.s.f.DefaultMavenResourcesFiltering - skip non existing resourceDirectory D:\Jenkins Fullstack Practice\BACKEND\Demospringbootproject\src\test\resources
